#
# There is insufficient memory for the Java Runtime Environment to continue.
# Native memory allocation (malloc) failed to allocate 1048576 bytes for AllocateHeap
# Possible reasons:
#   The system is out of physical RAM or swap space
#   The process is running with CompressedOops enabled, and the Java Heap may be blocking the growth of the native heap
# Possible solutions:
#   Reduce memory load on the system
#   Increase physical memory or swap space
#   Check if swap backing store is full
#   Decrease Java heap size (-Xmx/-Xms)
#   Decrease number of Java threads
#   Decrease Java thread stack sizes (-Xss)
#   Set larger code cache with -XX:ReservedCodeCacheSize=
#   JVM is running with Unscaled Compressed Oops mode in which the Java heap is
#     placed in the first 4GB address space. The Java Heap base address is the
#     maximum limit for the native heap growth. Please use -XX:HeapBaseMinAddress
#     to set the Java Heap base and to place the Java Heap above 4GB virtual address.
# This output file may be truncated or incomplete.
#
#  Out of Memory Error (memory/allocation.inline.hpp:61), pid=15036, tid=0x0000000000001d34
#
# JRE version:  (8.0_231-b11) (build )
# Java VM: Java HotSpot(TM) 64-Bit Server VM (25.231-b11 mixed mode windows-amd64 compressed oops)
# Failed to write core dump. Minidumps are not enabled by default on client versions of Windows
#

---------------  T H R E A D  ---------------

Current thread (0x00000000032cd800):  JavaThread "Unknown thread" [_thread_in_vm, id=7476, stack(0x0000000001860000,0x0000000001960000)]

Stack: [0x0000000001860000,0x0000000001960000]
[error occurred during error reporting (printing stack bounds), id 0xc0000005]

Native frames: (J=compiled Java code, j=interpreted, Vv=VM code, C=native code)


---------------  P R O C E S S  ---------------

Java Threads: ( => current thread )

Other Threads:

=>0x00000000032cd800 (exited) JavaThread "Unknown thread" [_thread_in_vm, id=7476, stack(0x0000000001860000,0x0000000001960000)]

VM state:not at safepoint (normal execution)

VM Mutex/Monitor currently owned by a thread: None

heap address: 0x0000000084800000, size: 1976 MB, Compressed Oops mode: 32-bit
Narrow klass base: 0x0000000000000000, Narrow klass shift: 3
Compressed class space size: 1073741824 Address: 0x0000000100000000

Heap:
 PSYoungGen      total 36864K, used 634K [0x00000000d6d80000, 0x00000000d9680000, 0x0000000100000000)
  eden space 31744K, 2% used [0x00000000d6d80000,0x00000000d6e1eb90,0x00000000d8c80000)
  from space 5120K, 0% used [0x00000000d9180000,0x00000000d9180000,0x00000000d9680000)
  to   space 5120K, 0% used [0x00000000d8c80000,0x00000000d8c80000,0x00000000d9180000)
 ParOldGen       total 84992K, used 0K [0x0000000084800000, 0x0000000089b00000, 0x00000000d6d80000)
  object space 84992K, 0% used [0x0000000084800000,0x0000000084800000,0x0000000089b00000)
 Metaspace       used 752K, capacity 4480K, committed 4480K, reserved 1056768K
  class space    used 76K, capacity 384K, committed 384K, reserved 1048576K

Card table byte_map: [0x0000000012a10000,0x0000000012df0000] byte_map_base: 0x00000000125ec000

Marking Bits: (ParMarkBitMap*) 0x0000000052806d90
 Begin Bits: [0x0000000013890000, 0x0000000015770000)
 End Bits:   [0x0000000015770000, 0x0000000017650000)

Polling page: 0x0000000001960000

CodeCache: size=245760Kb used=328Kb max_used=328Kb free=245431Kb
 bounds [0x0000000003650000, 0x00000000038c0000, 0x0000000012650000]
 total_blobs=58 nmethods=0 adapters=38
 compilation: enabled

Compilation events (0 events):
No events

GC Heap History (0 events):
No events

Deoptimization events (0 events):
No events

Classes redefined (0 events):
No events

Internal exceptions (0 events):
No events

Events (10 events):
Event: 0.033 loading class java/lang/Short
Event: 0.033 loading class java/lang/Short done
Event: 0.033 loading class java/lang/Integer
Event: 0.033 loading class java/lang/Integer done
Event: 0.033 loading class java/lang/Long
Event: 0.033 loading class java/lang/Long done
Event: 0.034 loading class java/lang/NullPointerException
Event: 0.034 loading class java/lang/NullPointerException done
Event: 0.034 loading class java/lang/ArithmeticException
Event: 0.034 loading class java/lang/ArithmeticException done


Dynamic libraries:
0x00007ff6260b0000 - 0x00007ff6260e7000 	C:\Program Files\Java\jre1.8.0_231\bin\javaw.exe
0x00007ff8ae060000 - 0x00007ff8ae250000 	C:\Windows\SYSTEM32\ntdll.dll
0x00007ff8ace10000 - 0x00007ff8acec2000 	C:\Windows\System32\KERNEL32.DLL
0x00007ff8abb10000 - 0x00007ff8abdb4000 	C:\Windows\System32\KERNELBASE.dll
0x00007ff8ad770000 - 0x00007ff8ad813000 	C:\Windows\System32\ADVAPI32.dll
0x00007ff8adf10000 - 0x00007ff8adfae000 	C:\Windows\System32\msvcrt.dll
0x00007ff8ad020000 - 0x00007ff8ad0b7000 	C:\Windows\System32\sechost.dll
0x00007ff8addf0000 - 0x00007ff8adf10000 	C:\Windows\System32\RPCRT4.dll
0x00007ff8ad520000 - 0x00007ff8ad6b4000 	C:\Windows\System32\USER32.dll
0x00007ff8abec0000 - 0x00007ff8abee1000 	C:\Windows\System32\win32u.dll
0x00007ff8ad4e0000 - 0x00007ff8ad506000 	C:\Windows\System32\GDI32.dll
0x00007ff8abef0000 - 0x00007ff8ac085000 	C:\Windows\System32\gdi32full.dll
0x00007ff8aba50000 - 0x00007ff8abaee000 	C:\Windows\System32\msvcp_win.dll
0x00007ff8abdc0000 - 0x00007ff8abeba000 	C:\Windows\System32\ucrtbase.dll
0x00007ff8953d0000 - 0x00007ff895654000 	C:\Windows\WinSxS\amd64_microsoft.windows.common-controls_6595b64144ccf1df_6.0.18362.900_none_e6beb9d913147d17\COMCTL32.dll
0x00007ff8ad820000 - 0x00007ff8adb55000 	C:\Windows\System32\combase.dll
0x00007ff8ac090000 - 0x00007ff8ac110000 	C:\Windows\System32\bcryptPrimitives.dll
0x00007ff8acff0000 - 0x00007ff8ad01e000 	C:\Windows\System32\IMM32.DLL
0x00000000528d0000 - 0x00000000529a2000 	C:\Program Files\Java\jre1.8.0_231\bin\msvcr100.dll
0x0000000051fe0000 - 0x0000000052886000 	C:\Program Files\Java\jre1.8.0_231\bin\server\jvm.dll
0x00007ff8adfb0000 - 0x00007ff8adfb8000 	C:\Windows\System32\PSAPI.DLL
0x00007ff8a79c0000 - 0x00007ff8a79e4000 	C:\Windows\SYSTEM32\WINMM.dll
0x00007ff8a73d0000 - 0x00007ff8a73fd000 	C:\Windows\SYSTEM32\WINMMBASE.dll
0x00007ff89e600000 - 0x00007ff89e60a000 	C:\Windows\SYSTEM32\VERSION.dll
0x00007ff8ab7d0000 - 0x00007ff8ab81a000 	C:\Windows\System32\cfgmgr32.dll
0x00007ff8a5ab0000 - 0x00007ff8a5ab9000 	C:\Windows\SYSTEM32\WSOCK32.dll
0x00007ff8aced0000 - 0x00007ff8acf3f000 	C:\Windows\System32\WS2_32.dll
0x00007ff890420000 - 0x00007ff89042f000 	C:\Program Files\Java\jre1.8.0_231\bin\verify.dll
0x00007ff882060000 - 0x00007ff882089000 	C:\Program Files\Java\jre1.8.0_231\bin\java.dll
0x00007ff87c6c0000 - 0x00007ff87c6d6000 	C:\Program Files\Java\jre1.8.0_231\bin\zip.dll

VM Arguments:
jvm_args: -Dfile.encoding=MS949 
java_command: com.kh.chap01.practice.run.Run
java_class_path (initial): C:\java_workspace\03_Control\bin
Launcher Type: SUN_STANDARD

Environment Variables:
PATH=C:/Program Files/Java/jre1.8.0_231/bin/server;C:/Program Files/Java/jre1.8.0_231/bin;C:/Program Files/Java/jre1.8.0_231/lib/amd64;C:\Program Files (x86)\Common Files\Oracle\Java\javapath;C:\Windows\system32;C:\Windows;C:\Windows\System32\Wbem;C:\Windows\System32\WindowsPowerShell\v1.0\;C:\Windows\System32\OpenSSH\;C:\Program Files\Java\jdk1.8.0_231\bin;C:\Users\이지연\AppData\Local\Microsoft\WindowsApps;;C:\eclipse-jee-2019-03-R-win32-x86_64\eclipse;
USERNAME=이지연
OS=Windows_NT
PROCESSOR_IDENTIFIER=Intel64 Family 6 Model 126 Stepping 5, GenuineIntel



---------------  S Y S T E M  ---------------

OS: Windows 10.0 , 64 bit Build 18362 (10.0.18362.900)

CPU:total 8 (initial active 8) (4 cores per cpu, 2 threads per core) family 6 model 126 stepping 5, cmov, cx8, fxsr, mmx, sse, sse2, sse3, ssse3, sse4.1, sse4.2, popcnt, avx, avx2, aes, clmul, erms, 3dnowpref, lzcnt, ht, tsc, tscinvbit, bmi1, bmi2, adx

Memory: 4k page, physical 8091304k(473584k free), swap 33257128k(6412k free)

vm_info: Java HotSpot(TM) 64-Bit Server VM (25.231-b11) for windows-amd64 JRE (1.8.0_231-b11), built on Oct  5 2019 03:11:30 by "java_re" with MS VC++ 10.0 (VS2010)

time: Tue Jun 30 19:10:35 2020
timezone: 대한민국 표준시
elapsed time: 0 seconds (0d 0h 0m 0s)

